# JRE version: Java(TM) SE Runtime Environment (8.0_251-b08) (build 1.8.0_251-b08)
# Java VM: Java HotSpot(TM) 64-Bit Server VM (25.251-b08 mixed mode windows-amd64 compressed oops)
Heap:
 PSYoungGen      total 141824K, used 52173K [0x000000076b380000, 0x0000000779780000, 0x00000007c0000000)
  eden space 131072K, 33% used [0x000000076b380000,0x000000076de2aa48,0x0000000773380000)
  from space 10752K, 78% used [0x0000000773380000,0x0000000773bc8ba8,0x0000000773e00000)
  to   space 10240K, 0% used [0x0000000778d80000,0x0000000778d80000,0x0000000779780000)
 ParOldGen       total 93696K, used 6646K [0x00000006c1a00000, 0x00000006c7580000, 0x000000076b380000)
  object space 93696K, 7% used [0x00000006c1a00000,0x00000006c207d908,0x00000006c7580000)
 Metaspace       used 31244K, capacity 32184K, committed 32384K, reserved 1077248K
  class space    used 3980K, capacity 4218K, committed 4224K, reserved 1048576K
GC Heap History (10 events):
Event: 3.871 GC heap before
{Heap before GC invocations=2 (full 0):
 PSYoungGen      total 76288K, used 71901K [0x000000076b380000, 0x0000000770880000, 0x00000007c0000000)
  eden space 65536K, 100% used [0x000000076b380000,0x000000076f380000,0x000000076f380000)
  from space 10752K, 59% used [0x000000076f380000,0x000000076f9b75d0,0x000000076fe00000)
  to   space 10752K, 0% used [0x000000076fe00000,0x000000076fe00000,0x0000000770880000)
 ParOldGen       total 175104K, used 16K [0x00000006c1a00000, 0x00000006cc500000, 0x000000076b380000)
  object space 175104K, 0% used [0x00000006c1a00000,0x00000006c1a04000,0x00000006cc500000)
 Metaspace       used 16892K, capacity 17278K, committed 17536K, reserved 1064960K
  class space    used 2005K, capacity 2151K, committed 2176K, reserved 1048576K
Event: 3.879 GC heap after
Heap after GC invocations=2 (full 0):
 PSYoungGen      total 76288K, used 8572K [0x000000076b380000, 0x0000000770880000, 0x00000007c0000000)
  eden space 65536K, 0% used [0x000000076b380000,0x000000076b380000,0x000000076f380000)
  from space 10752K, 79% used [0x000000076fe00000,0x000000077065f2f0,0x0000000770880000)
  to   space 10752K, 0% used [0x000000076f380000,0x000000076f380000,0x000000076fe00000)
 ParOldGen       total 175104K, used 24K [0x00000006c1a00000, 0x00000006cc500000, 0x000000076b380000)
  object space 175104K, 0% used [0x00000006c1a00000,0x00000006c1a06000,0x00000006cc500000)
 Metaspace       used 16892K, capacity 17278K, committed 17536K, reserved 1064960K
  class space    used 2005K, capacity 2151K, committed 2176K, reserved 1048576K
}
Event: 4.181 GC heap before
{Heap before GC invocations=3 (full 0):
 PSYoungGen      total 76288K, used 74108K [0x000000076b380000, 0x0000000770880000, 0x00000007c0000000)
  eden space 65536K, 100% used [0x000000076b380000,0x000000076f380000,0x000000076f380000)
  from space 10752K, 79% used [0x000000076fe00000,0x000000077065f2f0,0x0000000770880000)
  to   space 10752K, 0% used [0x000000076f380000,0x000000076f380000,0x000000076fe00000)
 ParOldGen       total 175104K, used 24K [0x00000006c1a00000, 0x00000006cc500000, 0x000000076b380000)
  object space 175104K, 0% used [0x00000006c1a00000,0x00000006c1a06000,0x00000006cc500000)
 Metaspace       used 19884K, capacity 20334K, committed 20480K, reserved 1067008K
  class space    used 2381K, capacity 2507K, committed 2560K, reserved 1048576K
Event: 4.189 GC heap after
Heap after GC invocations=3 (full 0):
 PSYoungGen      total 76288K, used 8998K [0x000000076b380000, 0x0000000774880000, 0x00000007c0000000)
  eden space 65536K, 0% used [0x000000076b380000,0x000000076b380000,0x000000076f380000)
  from space 10752K, 83% used [0x000000076f380000,0x000000076fc49af8,0x000000076fe00000)
  to   space 10752K, 0% used [0x0000000773e00000,0x0000000773e00000,0x0000000774880000)
 ParOldGen       total 175104K, used 32K [0x00000006c1a00000, 0x00000006cc500000, 0x000000076b380000)
  object space 175104K, 0% used [0x00000006c1a00000,0x00000006c1a08000,0x00000006cc500000)
 Metaspace       used 19884K, capacity 20334K, committed 20480K, reserved 1067008K
  class space    used 2381K, capacity 2507K, committed 2560K, reserved 1048576K
}
Event: 4.404 GC heap before
{Heap before GC invocations=4 (full 0):
 PSYoungGen      total 76288K, used 28406K [0x000000076b380000, 0x0000000774880000, 0x00000007c0000000)
  eden space 65536K, 29% used [0x000000076b380000,0x000000076c673eb8,0x000000076f380000)
  from space 10752K, 83% used [0x000000076f380000,0x000000076fc49af8,0x000000076fe00000)
  to   space 10752K, 0% used [0x0000000773e00000,0x0000000773e00000,0x0000000774880000)
 ParOldGen       total 175104K, used 32K [0x00000006c1a00000, 0x00000006cc500000, 0x000000076b380000)
  object space 175104K, 0% used [0x00000006c1a00000,0x00000006c1a08000,0x00000006cc500000)
 Metaspace       used 20702K, capacity 21082K, committed 21296K, reserved 1069056K
  class space    used 2473K, capacity 2605K, committed 2688K, reserved 1048576K
Event: 4.411 GC heap after
Heap after GC invocations=4 (full 0):
 PSYoungGen      total 141824K, used 6839K [0x000000076b380000, 0x0000000774880000, 0x00000007c0000000)
  eden space 131072K, 0% used [0x000000076b380000,0x000000076b380000,0x0000000773380000)
  from space 10752K, 63% used [0x0000000773e00000,0x00000007744adc50,0x0000000774880000)
  to   space 10752K, 0% used [0x0000000773380000,0x0000000773380000,0x0000000773e00000)
 ParOldGen       total 175104K, used 40K [0x00000006c1a00000, 0x00000006cc500000, 0x000000076b380000)
  object space 175104K, 0% used [0x00000006c1a00000,0x00000006c1a0a000,0x00000006cc500000)
 Metaspace       used 20702K, capacity 21082K, committed 21296K, reserved 1069056K
  class space    used 2473K, capacity 2605K, committed 2688K, reserved 1048576K
}
Event: 4.411 GC heap before
{Heap before GC invocations=5 (full 1):
 PSYoungGen      total 141824K, used 6839K [0x000000076b380000, 0x0000000774880000, 0x00000007c0000000)
  eden space 131072K, 0% used [0x000000076b380000,0x000000076b380000,0x0000000773380000)
  from space 10752K, 63% used [0x0000000773e00000,0x00000007744adc50,0x0000000774880000)
  to   space 10752K, 0% used [0x0000000773380000,0x0000000773380000,0x0000000773e00000)
 ParOldGen       total 175104K, used 40K [0x00000006c1a00000, 0x00000006cc500000, 0x000000076b380000)
  object space 175104K, 0% used [0x00000006c1a00000,0x00000006c1a0a000,0x00000006cc500000)
 Metaspace       used 20702K, capacity 21082K, committed 21296K, reserved 1069056K
  class space    used 2473K, capacity 2605K, committed 2688K, reserved 1048576K
Event: 4.443 GC heap after
Heap after GC invocations=5 (full 1):
 PSYoungGen      total 141824K, used 0K [0x000000076b380000, 0x0000000774880000, 0x00000007c0000000)
  eden space 131072K, 0% used [0x000000076b380000,0x000000076b380000,0x0000000773380000)
  from space 10752K, 0% used [0x0000000773e00000,0x0000000773e00000,0x0000000774880000)
  to   space 10752K, 0% used [0x0000000773380000,0x0000000773380000,0x0000000773e00000)
 ParOldGen       total 93696K, used 6638K [0x00000006c1a00000, 0x00000006c7580000, 0x000000076b380000)
  object space 93696K, 7% used [0x00000006c1a00000,0x00000006c207b908,0x00000006c7580000)
 Metaspace       used 20702K, capacity 21082K, committed 21296K, reserved 1069056K
  class space    used 2473K, capacity 2605K, committed 2688K, reserved 1048576K
}
Event: 9.025 GC heap before
{Heap before GC invocations=6 (full 1):
 PSYoungGen      total 141824K, used 131072K [0x000000076b380000, 0x0000000774880000, 0x00000007c0000000)
  eden space 131072K, 100% used [0x000000076b380000,0x0000000773380000,0x0000000773380000)
  from space 10752K, 0% used [0x0000000773e00000,0x0000000773e00000,0x0000000774880000)
  to   space 10752K, 0% used [0x0000000773380000,0x0000000773380000,0x0000000773e00000)
 ParOldGen       total 93696K, used 6638K [0x00000006c1a00000, 0x00000006c7580000, 0x000000076b380000)
  object space 93696K, 7% used [0x00000006c1a00000,0x00000006c207b908,0x00000006c7580000)
 Metaspace       used 28048K, capacity 28930K, committed 29184K, reserved 1075200K
  class space    used 3586K, capacity 3799K, committed 3840K, reserved 1048576K
Event: 9.034 GC heap after
Heap after GC invocations=6 (full 1):
 PSYoungGen      total 141824K, used 8482K [0x000000076b380000, 0x0000000779780000, 0x00000007c0000000)
  eden space 131072K, 0% used [0x000000076b380000,0x000000076b380000,0x0000000773380000)
  from space 10752K, 78% used [0x0000000773380000,0x0000000773bc8ba8,0x0000000773e00000)
  to   space 10240K, 0% used [0x0000000778d80000,0x0000000778d80000,0x0000000779780000)
 ParOldGen       total 93696K, used 6646K [0x00000006c1a00000, 0x00000006c7580000, 0x000000076b380000)
  object space 93696K, 7% used [0x00000006c1a00000,0x00000006c207d908,0x00000006c7580000)
 Metaspace       used 28048K, capacity 28930K, committed 29184K, reserved 1075200K
  class space    used 3586K, capacity 3799K, committed 3840K, reserved 1048576K
}

