# JRE version: Java(TM) SE Runtime Environment (8.0_251-b08) (build 1.8.0_251-b08)
# Java VM: Java HotSpot(TM) 64-Bit Server VM (25.251-b08 mixed mode windows-amd64 compressed oops)
Heap:
 PSYoungGen      total 117248K, used 38713K [0x000000076b380000, 0x0000000775a80000, 0x00000007c0000000)
  eden space 107008K, 26% used [0x000000076b380000,0x000000076cf503e8,0x0000000771c00000)
  from space 10240K, 99% used [0x0000000771c00000,0x00000007725fe120,0x0000000772600000)
  to   space 12288K, 0% used [0x0000000774e80000,0x0000000774e80000,0x0000000775a80000)
 ParOldGen       total 131584K, used 16320K [0x00000006c1a00000, 0x00000006c9a80000, 0x000000076b380000)
  object space 131584K, 12% used [0x00000006c1a00000,0x00000006c29f02f8,0x00000006c9a80000)
 Metaspace       used 45235K, capacity 47000K, committed 47232K, reserved 1089536K
  class space    used 5816K, capacity 6180K, committed 6272K, reserved 1048576K
GC Heap History (10 events):
Event: 13.222 GC heap before
{Heap before GC invocations=7 (full 1):
 PSYoungGen      total 76288K, used 68997K [0x000000076b380000, 0x0000000773080000, 0x00000007c0000000)
  eden space 65536K, 100% used [0x000000076b380000,0x000000076f380000,0x000000076f380000)
  from space 10752K, 32% used [0x000000076f380000,0x000000076f6e17a0,0x000000076fe00000)
  to   space 10752K, 0% used [0x0000000772600000,0x0000000772600000,0x0000000773080000)
 ParOldGen       total 93696K, used 6663K [0x00000006c1a00000, 0x00000006c7580000, 0x000000076b380000)
  object space 93696K, 7% used [0x00000006c1a00000,0x00000006c2081fc8,0x00000006c7580000)
 Metaspace       used 28325K, capacity 29114K, committed 29184K, reserved 1075200K
  class space    used 3585K, capacity 3809K, committed 3840K, reserved 1048576K
Event: 13.230 GC heap after
Heap after GC invocations=7 (full 1):
 PSYoungGen      total 117760K, used 6835K [0x000000076b380000, 0x0000000773300000, 0x00000007c0000000)
  eden space 107008K, 0% used [0x000000076b380000,0x000000076b380000,0x0000000771c00000)
  from space 10752K, 63% used [0x0000000772600000,0x0000000772cacd70,0x0000000773080000)
  to   space 10240K, 0% used [0x0000000771c00000,0x0000000771c00000,0x0000000772600000)
 ParOldGen       total 93696K, used 6671K [0x00000006c1a00000, 0x00000006c7580000, 0x000000076b380000)
  object space 93696K, 7% used [0x00000006c1a00000,0x00000006c2083fc8,0x00000006c7580000)
 Metaspace       used 28325K, capacity 29114K, committed 29184K, reserved 1075200K
  class space    used 3585K, capacity 3809K, committed 3840K, reserved 1048576K
}
Event: 13.684 GC heap before
{Heap before GC invocations=8 (full 1):
 PSYoungGen      total 117760K, used 91634K [0x000000076b380000, 0x0000000773300000, 0x00000007c0000000)
  eden space 107008K, 79% used [0x000000076b380000,0x000000077064fd10,0x0000000771c00000)
  from space 10752K, 63% used [0x0000000772600000,0x0000000772cacd70,0x0000000773080000)
  to   space 10240K, 0% used [0x0000000771c00000,0x0000000771c00000,0x0000000772600000)
 ParOldGen       total 93696K, used 6671K [0x00000006c1a00000, 0x00000006c7580000, 0x000000076b380000)
  object space 93696K, 7% used [0x00000006c1a00000,0x00000006c2083fc8,0x00000006c7580000)
 Metaspace       used 34481K, capacity 35406K, committed 35496K, reserved 1081344K
  class space    used 4375K, capacity 4605K, committed 4608K, reserved 1048576K
Event: 13.697 GC heap after
Heap after GC invocations=8 (full 1):
 PSYoungGen      total 117248K, used 10239K [0x000000076b380000, 0x0000000773300000, 0x00000007c0000000)
  eden space 107008K, 0% used [0x000000076b380000,0x000000076b380000,0x0000000771c00000)
  from space 10240K, 99% used [0x0000000771c00000,0x00000007725ffc20,0x0000000772600000)
  to   space 10752K, 0% used [0x0000000772600000,0x0000000772600000,0x0000000773080000)
 ParOldGen       total 93696K, used 7371K [0x00000006c1a00000, 0x00000006c7580000, 0x000000076b380000)
  object space 93696K, 7% used [0x00000006c1a00000,0x00000006c2132e10,0x00000006c7580000)
 Metaspace       used 34481K, capacity 35406K, committed 35496K, reserved 1081344K
  class space    used 4375K, capacity 4605K, committed 4608K, reserved 1048576K
}
Event: 13.697 GC heap before
{Heap before GC invocations=9 (full 2):
 PSYoungGen      total 117248K, used 10239K [0x000000076b380000, 0x0000000773300000, 0x00000007c0000000)
  eden space 107008K, 0% used [0x000000076b380000,0x000000076b380000,0x0000000771c00000)
  from space 10240K, 99% used [0x0000000771c00000,0x00000007725ffc20,0x0000000772600000)
  to   space 10752K, 0% used [0x0000000772600000,0x0000000772600000,0x0000000773080000)
 ParOldGen       total 93696K, used 7371K [0x00000006c1a00000, 0x00000006c7580000, 0x000000076b380000)
  object space 93696K, 7% used [0x00000006c1a00000,0x00000006c2132e10,0x00000006c7580000)
 Metaspace       used 34481K, capacity 35406K, committed 35496K, reserved 1081344K
  class space    used 4375K, capacity 4605K, committed 4608K, reserved 1048576K
Event: 13.776 GC heap after
Heap after GC invocations=9 (full 2):
 PSYoungGen      total 117248K, used 0K [0x000000076b380000, 0x0000000773300000, 0x00000007c0000000)
  eden space 107008K, 0% used [0x000000076b380000,0x000000076b380000,0x0000000771c00000)
  from space 10240K, 0% used [0x0000000771c00000,0x0000000771c00000,0x0000000772600000)
  to   space 10752K, 0% used [0x0000000772600000,0x0000000772600000,0x0000000773080000)
 ParOldGen       total 131584K, used 16159K [0x00000006c1a00000, 0x00000006c9a80000, 0x000000076b380000)
  object space 131584K, 12% used [0x00000006c1a00000,0x00000006c29c7c40,0x00000006c9a80000)
 Metaspace       used 34481K, capacity 35406K, committed 35496K, reserved 1081344K
  class space    used 4375K, capacity 4605K, committed 4608K, reserved 1048576K
}
Event: 14.428 GC heap before
{Heap before GC invocations=10 (full 2):
 PSYoungGen      total 117248K, used 107008K [0x000000076b380000, 0x0000000773300000, 0x00000007c0000000)
  eden space 107008K, 100% used [0x000000076b380000,0x0000000771c00000,0x0000000771c00000)
  from space 10240K, 0% used [0x0000000771c00000,0x0000000771c00000,0x0000000772600000)
  to   space 10752K, 0% used [0x0000000772600000,0x0000000772600000,0x0000000773080000)
 ParOldGen       total 131584K, used 16159K [0x00000006c1a00000, 0x00000006c9a80000, 0x000000076b380000)
  object space 131584K, 12% used [0x00000006c1a00000,0x00000006c29c7c40,0x00000006c9a80000)
 Metaspace       used 38810K, capacity 40116K, committed 40448K, reserved 1085440K
  class space    used 4951K, capacity 5258K, committed 5376K, reserved 1048576K
Event: 14.432 GC heap after
Heap after GC invocations=10 (full 2):
 PSYoungGen      total 117760K, used 5904K [0x000000076b380000, 0x0000000773300000, 0x00000007c0000000)
  eden space 107008K, 0% used [0x000000076b380000,0x000000076b380000,0x0000000771c00000)
  from space 10752K, 54% used [0x0000000772600000,0x0000000772bc4200,0x0000000773080000)
  to   space 10240K, 0% used [0x0000000771c00000,0x0000000771c00000,0x0000000772600000)
 ParOldGen       total 131584K, used 16231K [0x00000006c1a00000, 0x00000006c9a80000, 0x000000076b380000)
  object space 131584K, 12% used [0x00000006c1a00000,0x00000006c29d9c50,0x00000006c9a80000)
 Metaspace       used 38810K, capacity 40116K, committed 40448K, reserved 1085440K
  class space    used 4951K, capacity 5258K, committed 5376K, reserved 1048576K
}
Event: 15.625 GC heap before
{Heap before GC invocations=11 (full 2):
 PSYoungGen      total 117760K, used 112912K [0x000000076b380000, 0x0000000773300000, 0x00000007c0000000)
  eden space 107008K, 100% used [0x000000076b380000,0x0000000771c00000,0x0000000771c00000)
  from space 10752K, 54% used [0x0000000772600000,0x0000000772bc4200,0x0000000773080000)
  to   space 10240K, 0% used [0x0000000771c00000,0x0000000771c00000,0x0000000772600000)
 ParOldGen       total 131584K, used 16231K [0x00000006c1a00000, 0x00000006c9a80000, 0x000000076b380000)
  object space 131584K, 12% used [0x00000006c1a00000,0x00000006c29d9c50,0x00000006c9a80000)
 Metaspace       used 43636K, capacity 45402K, committed 45440K, reserved 1089536K
  class space    used 5659K, capacity 6013K, committed 6016K, reserved 1048576K
Event: 15.634 GC heap after
Heap after GC invocations=11 (full 2):
 PSYoungGen      total 117248K, used 10232K [0x000000076b380000, 0x0000000775a80000, 0x00000007c0000000)
  eden space 107008K, 0% used [0x000000076b380000,0x000000076b380000,0x0000000771c00000)
  from space 10240K, 99% used [0x0000000771c00000,0x00000007725fe120,0x0000000772600000)
  to   space 12288K, 0% used [0x0000000774e80000,0x0000000774e80000,0x0000000775a80000)
 ParOldGen       total 131584K, used 16320K [0x00000006c1a00000, 0x00000006c9a80000, 0x000000076b380000)
  object space 131584K, 12% used [0x00000006c1a00000,0x00000006c29f02f8,0x00000006c9a80000)
 Metaspace       used 43636K, capacity 45402K, committed 45440K, reserved 1089536K
  class space    used 5659K, capacity 6013K, committed 6016K, reserved 1048576K
}

