# JRE version: Java(TM) SE Runtime Environment (8.0_251-b08) (build 1.8.0_251-b08)
# Java VM: Java HotSpot(TM) 64-Bit Server VM (25.251-b08 mixed mode windows-amd64 compressed oops)
Heap:
 PSYoungGen      total 168448K, used 86897K [0x000000076b380000, 0x0000000777500000, 0x00000007c0000000)
  eden space 162816K, 53% used [0x000000076b380000,0x000000077085c7b8,0x0000000775280000)
  from space 5632K, 0% used [0x0000000776f80000,0x0000000776f80000,0x0000000777500000)
  to   space 11776K, 0% used [0x0000000775e00000,0x0000000775e00000,0x0000000776980000)
 ParOldGen       total 142848K, used 19246K [0x00000006c1a00000, 0x00000006ca580000, 0x000000076b380000)
  object space 142848K, 13% used [0x00000006c1a00000,0x00000006c2ccb8e8,0x00000006ca580000)
 Metaspace       used 53847K, capacity 55746K, committed 55936K, reserved 1097728K
  class space    used 7170K, capacity 7541K, committed 7552K, reserved 1048576K
GC Heap History (10 events):
Event: 11.878 GC heap before
{Heap before GC invocations=9 (full 2):
 PSYoungGen      total 116736K, used 10235K [0x000000076b380000, 0x0000000777b00000, 0x00000007c0000000)
  eden space 106496K, 0% used [0x000000076b380000,0x000000076b380000,0x0000000771b80000)
  from space 10240K, 99% used [0x0000000771b80000,0x000000077257eda8,0x0000000772580000)
  to   space 11776K, 0% used [0x0000000776f80000,0x0000000776f80000,0x0000000777b00000)
 ParOldGen       total 94208K, used 7409K [0x00000006c1a00000, 0x00000006c7600000, 0x000000076b380000)
  object space 94208K, 7% used [0x00000006c1a00000,0x00000006c213c428,0x00000006c7600000)
 Metaspace       used 34369K, capacity 35344K, committed 35456K, reserved 1079296K
  class space    used 4391K, capacity 4642K, committed 4736K, reserved 1048576K
Event: 11.981 GC heap after
Heap after GC invocations=9 (full 2):
 PSYoungGen      total 116736K, used 0K [0x000000076b380000, 0x0000000777b00000, 0x00000007c0000000)
  eden space 106496K, 0% used [0x000000076b380000,0x000000076b380000,0x0000000771b80000)
  from space 10240K, 0% used [0x0000000771b80000,0x0000000771b80000,0x0000000772580000)
  to   space 11776K, 0% used [0x0000000776f80000,0x0000000776f80000,0x0000000777b00000)
 ParOldGen       total 142848K, used 16447K [0x00000006c1a00000, 0x00000006ca580000, 0x000000076b380000)
  object space 142848K, 11% used [0x00000006c1a00000,0x00000006c2a0fdf0,0x00000006ca580000)
 Metaspace       used 34369K, capacity 35344K, committed 35456K, reserved 1079296K
  class space    used 4391K, capacity 4642K, committed 4736K, reserved 1048576K
}
Event: 12.777 GC heap before
{Heap before GC invocations=10 (full 2):
 PSYoungGen      total 116736K, used 106496K [0x000000076b380000, 0x0000000777b00000, 0x00000007c0000000)
  eden space 106496K, 100% used [0x000000076b380000,0x0000000771b80000,0x0000000771b80000)
  from space 10240K, 0% used [0x0000000771b80000,0x0000000771b80000,0x0000000772580000)
  to   space 11776K, 0% used [0x0000000776f80000,0x0000000776f80000,0x0000000777b00000)
 ParOldGen       total 142848K, used 16447K [0x00000006c1a00000, 0x00000006ca580000, 0x000000076b380000)
  object space 142848K, 11% used [0x00000006c1a00000,0x00000006c2a0fdf0,0x00000006ca580000)
 Metaspace       used 38127K, capacity 39394K, committed 39552K, reserved 1083392K
  class space    used 4877K, capacity 5165K, committed 5248K, reserved 1048576K
Event: 12.783 GC heap after
Heap after GC invocations=10 (full 2):
 PSYoungGen      total 168448K, used 5565K [0x000000076b380000, 0x0000000777500000, 0x00000007c0000000)
  eden space 162816K, 0% used [0x000000076b380000,0x000000076b380000,0x0000000775280000)
  from space 5632K, 98% used [0x0000000776f80000,0x00000007774ef680,0x0000000777500000)
  to   space 11776K, 0% used [0x0000000775e00000,0x0000000775e00000,0x0000000776980000)
 ParOldGen       total 142848K, used 16519K [0x00000006c1a00000, 0x00000006ca580000, 0x000000076b380000)
  object space 142848K, 11% used [0x00000006c1a00000,0x00000006c2a21e00,0x00000006ca580000)
 Metaspace       used 38127K, capacity 39394K, committed 39552K, reserved 1083392K
  class space    used 4877K, capacity 5165K, committed 5248K, reserved 1048576K
}
Event: 15.181 GC heap before
{Heap before GC invocations=11 (full 2):
 PSYoungGen      total 168448K, used 168381K [0x000000076b380000, 0x0000000777500000, 0x00000007c0000000)
  eden space 162816K, 100% used [0x000000076b380000,0x0000000775280000,0x0000000775280000)
  from space 5632K, 98% used [0x0000000776f80000,0x00000007774ef680,0x0000000777500000)
  to   space 11776K, 0% used [0x0000000775e00000,0x0000000775e00000,0x0000000776980000)
 ParOldGen       total 142848K, used 16519K [0x00000006c1a00000, 0x00000006ca580000, 0x000000076b380000)
  object space 142848K, 11% used [0x00000006c1a00000,0x00000006c2a21e00,0x00000006ca580000)
 Metaspace       used 46837K, capacity 48666K, committed 48768K, reserved 1091584K
  class space    used 6102K, capacity 6475K, committed 6528K, reserved 1048576K
Event: 15.203 GC heap after
Heap after GC invocations=11 (full 2):
 PSYoungGen      total 174592K, used 11774K [0x000000076b380000, 0x0000000777500000, 0x00000007c0000000)
  eden space 162816K, 0% used [0x000000076b380000,0x000000076b380000,0x0000000775280000)
  from space 11776K, 99% used [0x0000000775e00000,0x000000077697fa18,0x0000000776980000)
  to   space 5632K, 0% used [0x0000000776f80000,0x0000000776f80000,0x0000000777500000)
 ParOldGen       total 142848K, used 18585K [0x00000006c1a00000, 0x00000006ca580000, 0x000000076b380000)
  object space 142848K, 13% used [0x00000006c1a00000,0x00000006c2c266d0,0x00000006ca580000)
 Metaspace       used 46837K, capacity 48666K, committed 48768K, reserved 1091584K
  class space    used 6102K, capacity 6475K, committed 6528K, reserved 1048576K
}
Event: 15.343 GC heap before
{Heap before GC invocations=12 (full 2):
 PSYoungGen      total 174592K, used 24894K [0x000000076b380000, 0x0000000777500000, 0x00000007c0000000)
  eden space 162816K, 8% used [0x000000076b380000,0x000000076c050150,0x0000000775280000)
  from space 11776K, 99% used [0x0000000775e00000,0x000000077697fa18,0x0000000776980000)
  to   space 5632K, 0% used [0x0000000776f80000,0x0000000776f80000,0x0000000777500000)
 ParOldGen       total 142848K, used 18585K [0x00000006c1a00000, 0x00000006ca580000, 0x000000076b380000)
  object space 142848K, 13% used [0x00000006c1a00000,0x00000006c2c266d0,0x00000006ca580000)
 Metaspace       used 47753K, capacity 49516K, committed 49664K, reserved 1095680K
  class space    used 6242K, capacity 6606K, committed 6656K, reserved 1048576K
Event: 15.350 GC heap after
Heap after GC invocations=12 (full 2):
 PSYoungGen      total 168448K, used 5626K [0x000000076b380000, 0x0000000777500000, 0x00000007c0000000)
  eden space 162816K, 0% used [0x000000076b380000,0x000000076b380000,0x0000000775280000)
  from space 5632K, 99% used [0x0000000776f80000,0x00000007774fe9c8,0x0000000777500000)
  to   space 11776K, 0% used [0x0000000775e00000,0x0000000775e00000,0x0000000776980000)
 ParOldGen       total 142848K, used 21790K [0x00000006c1a00000, 0x00000006ca580000, 0x000000076b380000)
  object space 142848K, 15% used [0x00000006c1a00000,0x00000006c2f47950,0x00000006ca580000)
 Metaspace       used 47753K, capacity 49516K, committed 49664K, reserved 1095680K
  class space    used 6242K, capacity 6606K, committed 6656K, reserved 1048576K
}
Event: 15.350 GC heap before
{Heap before GC invocations=13 (full 3):
 PSYoungGen      total 168448K, used 5626K [0x000000076b380000, 0x0000000777500000, 0x00000007c0000000)
  eden space 162816K, 0% used [0x000000076b380000,0x000000076b380000,0x0000000775280000)
  from space 5632K, 99% used [0x0000000776f80000,0x00000007774fe9c8,0x0000000777500000)
  to   space 11776K, 0% used [0x0000000775e00000,0x0000000775e00000,0x0000000776980000)
 ParOldGen       total 142848K, used 21790K [0x00000006c1a00000, 0x00000006ca580000, 0x000000076b380000)
  object space 142848K, 15% used [0x00000006c1a00000,0x00000006c2f47950,0x00000006ca580000)
 Metaspace       used 47753K, capacity 49516K, committed 49664K, reserved 1095680K
  class space    used 6242K, capacity 6606K, committed 6656K, reserved 1048576K
Event: 15.493 GC heap after
Heap after GC invocations=13 (full 3):
 PSYoungGen      total 168448K, used 0K [0x000000076b380000, 0x0000000777500000, 0x00000007c0000000)
  eden space 162816K, 0% used [0x000000076b380000,0x000000076b380000,0x0000000775280000)
  from space 5632K, 0% used [0x0000000776f80000,0x0000000776f80000,0x0000000777500000)
  to   space 11776K, 0% used [0x0000000775e00000,0x0000000775e00000,0x0000000776980000)
 ParOldGen       total 142848K, used 19246K [0x00000006c1a00000, 0x00000006ca580000, 0x000000076b380000)
  object space 142848K, 13% used [0x00000006c1a00000,0x00000006c2ccb8e8,0x00000006ca580000)
 Metaspace       used 47753K, capacity 49516K, committed 49664K, reserved 1093632K
  class space    used 6242K, capacity 6606K, committed 6656K, reserved 1048576K
}

